TN:
SF:contracts/action/SendCoinAction.sol
DA:10,0
FN:10,SendCoinAction.sendCoins
FNDA:0,SendCoinAction.sendCoins
DA:12,0
DA:13,0
DA:19,0
FNF:1
FNH:0
LF:4
LH:0
BRF:0
BRH:0
end_of_record
TN:
SF:contracts/action/UniswapV2Base.sol
DA:29,512
FN:29,UniswapV2Base.validPercentage
FNDA:512,UniswapV2Base.validPercentage
DA:30,512
BRDA:30,0,0,-
DA:31,0
DA:36,1024
FN:36,UniswapV2Base.nonZeroAmount
FNDA:1024,UniswapV2Base.nonZeroAmount
DA:37,1024
BRDA:37,1,0,-
DA:38,0
DA:47,32
FN:47,UniswapV2Base.constructor
FNDA:32,UniswapV2Base.constructor
DA:48,32
DA:50,32
DA:51,32
DA:58,1024
FN:58,UniswapV2Base._percentageShare
FNDA:1024,UniswapV2Base._percentageShare
DA:59,1024
DA:60,1024
DA:63,256
FN:63,UniswapV2Base._percentageShareETH
FNDA:256,UniswapV2Base._percentageShareETH
DA:64,256
DA:65,256
DA:68,8448
FN:68,UniswapV2Base._approveToken
FNDA:8448,UniswapV2Base._approveToken
DA:69,8448
DA:71,8448
DA:74,768
FN:74,UniswapV2Base._getMaxAmountIn
FNDA:768,UniswapV2Base._getMaxAmountIn
DA:75,768
DA:78,8192
FN:78,UniswapV2Base._deadline
FNDA:8192,UniswapV2Base._deadline
DA:79,8192
DA:82,256
FN:82,UniswapV2Base._swap
FNDA:256,UniswapV2Base._swap
DA:87,256
DA:89,256
DA:91,256
DA:92,256
DA:93,256
DA:95,256
DA:96,256
DA:98,256
DA:101,256
FN:101,UniswapV2Base._swapETH
FNDA:256,UniswapV2Base._swapETH
DA:106,256
DA:108,256
DA:109,256
DA:110,256
DA:112,256
DA:113,256
DA:115,256
DA:118,256
FN:118,UniswapV2Base._swapToETH
FNDA:256,UniswapV2Base._swapToETH
DA:123,256
DA:125,256
DA:127,256
DA:128,256
DA:129,256
DA:131,256
DA:132,256
DA:134,256
DA:137,768
FN:137,UniswapV2Base._swapExactTokensForTokens
FNDA:768,UniswapV2Base._swapExactTokensForTokens
DA:144,768
DA:145,768
DA:147,768
DA:150,768
FN:150,UniswapV2Base._swapExactTokensForETH
FNDA:768,UniswapV2Base._swapExactTokensForETH
DA:157,768
DA:158,768
DA:160,768
DA:163,768
FN:163,UniswapV2Base._swapExactETHForTokens
FNDA:768,UniswapV2Base._swapExactETHForTokens
DA:170,768
DA:171,768
DA:173,768
DA:176,768
FN:176,UniswapV2Base._calculateSwapAmountForProvidingLiquidity
FNDA:768,UniswapV2Base._calculateSwapAmountForProvidingLiquidity
DA:181,768
DA:183,768
BRDA:183,2,0,512
BRDA:183,2,1,256
DA:184,512
DA:186,256
DA:190,0
FN:190,UniswapV2Base.uniswapV2RouterAddress
FNDA:0,UniswapV2Base.uniswapV2RouterAddress
DA:191,0
DA:194,0
FN:194,UniswapV2Base.getTokenForSelector
FNDA:0,UniswapV2Base.getTokenForSelector
DA:195,0
DA:205,0
FN:205,UniswapV2Base._getSwapAmount
FNDA:0,UniswapV2Base._getSwapAmount
DA:206,768
DA:209,768
FN:209,UniswapV2Base.sqrt
FNDA:768,UniswapV2Base.sqrt
DA:210,768
BRDA:210,3,0,768
BRDA:210,3,1,-
DA:211,768
DA:212,768
DA:213,67328
DA:214,66560
DA:215,66560
DA:217,0
BRDA:217,4,0,-
DA:218,0
FNF:19
FNH:16
LF:81
LH:72
BRF:7
BRH:3
end_of_record
TN:
SF:contracts/action/UniswapV2LPActions.sol
DA:16,15
FN:16,UniswapV2LPActions.constructor
FNDA:15,UniswapV2LPActions.constructor
DA:17,15
DA:18,15
DA:19,15
DA:20,15
DA:21,15
DA:23,15
DA:25,15
DA:27,15
DA:28,15
DA:29,15
DA:36,1025
FN:36,UniswapV2LPActions.addLiquidity
FNDA:1025,UniswapV2LPActions.addLiquidity
DA:45,1537
BRDA:45,0,0,1
DA:46,1
DA:49,1536
BRDA:49,1,0,121
DA:50,121
DA:53,1536
BRDA:53,2,0,135
DA:54,135
DA:57,1536
DA:59,1536
DA:60,1536
DA:62,1536
DA:65,1536
DA:68,1025
FN:68,UniswapV2LPActions.addLiquidityETH
FNDA:1025,UniswapV2LPActions.addLiquidityETH
DA:76,1793
BRDA:76,3,0,1
DA:77,1
DA:80,1792
BRDA:80,4,0,121
DA:81,121
DA:84,1792
BRDA:84,5,0,135
DA:85,135
DA:88,1792
DA:89,1792
DA:91,1792
DA:94,1792
DA:97,256
FN:97,UniswapV2LPActions.removeLiquidity
FNDA:256,UniswapV2LPActions.removeLiquidity
DA:105,512
DA:107,512
DA:109,512
DA:111,512
DA:114,256
FN:114,UniswapV2LPActions.removeLiquidityETH
FNDA:256,UniswapV2LPActions.removeLiquidityETH
DA:121,512
DA:122,512
DA:124,512
DA:126,512
DA:133,256
FN:133,UniswapV2LPActions.addLiqudityPercentage
FNDA:256,UniswapV2LPActions.addLiqudityPercentage
DA:139,256
DA:141,256
DA:143,256
DA:154,256
FN:154,UniswapV2LPActions.addLiqudityPercentageETH
FNDA:256,UniswapV2LPActions.addLiqudityPercentageETH
DA:160,256
DA:162,256
DA:164,256
DA:174,256
FN:174,UniswapV2LPActions.removeLiquidityETHPercentage
FNDA:256,UniswapV2LPActions.removeLiquidityETHPercentage
DA:180,256
DA:183,256
FN:183,UniswapV2LPActions.removeLiquidityPercentage
FNDA:256,UniswapV2LPActions.removeLiquidityPercentage
DA:189,256
DA:194,256
FN:194,UniswapV2LPActions.zap
FNDA:256,UniswapV2LPActions.zap
DA:199,256
DA:201,256
DA:203,256
DA:205,256
DA:206,256
DA:207,256
DA:209,256
DA:210,256
DA:211,256
DA:212,256
DA:213,256
DA:215,256
DA:218,512
FN:218,UniswapV2LPActions.zapETH
FNDA:512,UniswapV2LPActions.zapETH
DA:223,512
DA:224,512
DA:226,512
DA:228,512
DA:230,512
DA:232,512
BRDA:232,6,0,256
BRDA:232,6,1,256
DA:233,256
DA:234,256
DA:236,256
DA:237,256
DA:238,256
DA:241,512
DA:248,3328
FN:248,UniswapV2LPActions._getPoolPair
FNDA:3328,UniswapV2LPActions._getPoolPair
DA:249,3328
DA:251,3328
BRDA:251,7,0,-
DA:252,0
DA:255,3328
DA:258,512
FN:258,UniswapV2LPActions._calculateAmountForLP
FNDA:512,UniswapV2LPActions._calculateAmountForLP
DA:263,512
DA:264,512
DA:266,512
BRDA:266,8,0,256
BRDA:266,8,1,256
DA:267,256
DA:269,256
DA:273,256
FN:273,UniswapV2LPActions._getMaxAmounts
FNDA:256,UniswapV2LPActions._getMaxAmounts
DA:278,256
DA:280,256
DA:281,256
DA:282,256
BRDA:282,9,0,256
BRDA:282,9,1,-
DA:283,256
DA:284,256
DA:286,0
DA:287,0
DA:290,256
DA:291,256
DA:293,256
DA:296,256
FN:296,UniswapV2LPActions._getMaxAmountsETH
FNDA:256,UniswapV2LPActions._getMaxAmountsETH
DA:301,256
DA:303,256
DA:304,256
DA:305,256
BRDA:305,10,0,-
BRDA:305,10,1,256
DA:306,0
DA:307,0
DA:309,256
DA:310,256
DA:313,256
DA:314,256
DA:316,256
DA:319,512
FN:319,UniswapV2LPActions._calculateMaxAmounts
FNDA:512,UniswapV2LPActions._calculateMaxAmounts
DA:324,512
DA:325,512
DA:327,512
DA:329,512
BRDA:329,11,0,354
BRDA:329,11,1,158
DA:330,354
DA:332,158
DA:336,1536
FN:336,UniswapV2LPActions._addLiquidity
FNDA:1536,UniswapV2LPActions._addLiquidity
DA:346,1536
DA:351,1536
DA:354,1792
FN:354,UniswapV2LPActions._addLiquidityETH
FNDA:1792,UniswapV2LPActions._addLiquidityETH
DA:363,1792
DA:367,1792
DA:370,512
FN:370,UniswapV2LPActions._removeLiquidity
FNDA:512,UniswapV2LPActions._removeLiquidity
DA:379,512
DA:383,512
DA:386,512
FN:386,UniswapV2LPActions._removeLiquidityETH
FNDA:512,UniswapV2LPActions._removeLiquidityETH
DA:394,512
DA:398,512
DA:401,512
FN:401,UniswapV2LPActions._swapToETHorETH
FNDA:512,UniswapV2LPActions._swapToETHorETH
DA:406,512
DA:408,512
DA:410,512
DA:412,256
BRDA:412,12,0,256
BRDA:412,12,1,256
DA:413,256
DA:414,256
DA:416,256
DA:417,256
DA:421,0
FN:421,UniswapV2LPActions.getTokenForSelector
FNDA:0,UniswapV2LPActions.getTokenForSelector
DA:422,0
DA:424,0
BRDA:424,13,0,-
DA:425,0
DA:428,0
BRDA:428,14,0,-
DA:429,0
DA:432,0
BRDA:432,15,0,-
DA:433,0
DA:434,0
DA:437,0
BRDA:437,16,0,-
BRDA:437,16,1,-
DA:438,0
DA:439,0
DA:441,0
DA:442,0
FNF:22
FNH:21
LF:159
LH:140
BRF:24
BRH:16
end_of_record
TN:
SF:contracts/action/UniswapV2SwapActions.sol
DA:16,17
FN:16,UniswapV2SwapActions.constructor
FNDA:17,UniswapV2SwapActions.constructor
DA:17,17
DA:18,17
DA:19,17
DA:21,17
DA:22,17
DA:23,17
DA:24,17
DA:26,17
DA:27,17
DA:34,257
FN:34,UniswapV2SwapActions.swapExactTokensForTokens
FNDA:257,UniswapV2SwapActions.swapExactTokensForTokens
DA:40,512
DA:41,512
DA:43,512
DA:44,512
DA:47,512
FN:47,UniswapV2SwapActions.swapTokensForExactTokens
FNDA:512,UniswapV2SwapActions.swapTokensForExactTokens
DA:53,512
DA:54,512
BRDA:54,0,0,256
BRDA:54,0,1,256
DA:55,256
DA:57,256
DA:60,512
DA:62,512
DA:64,512
DA:66,512
DA:69,256
FN:69,UniswapV2SwapActions.swapExactETHForTokens
FNDA:256,UniswapV2SwapActions.swapExactETHForTokens
DA:75,512
DA:76,512
DA:78,512
DA:81,512
FN:81,UniswapV2SwapActions.swapTokensForExactETH
FNDA:512,UniswapV2SwapActions.swapTokensForExactETH
DA:87,512
DA:88,512
BRDA:88,1,0,256
BRDA:88,1,1,256
DA:89,256
DA:91,256
DA:94,512
DA:96,512
DA:98,512
DA:100,512
DA:103,256
FN:103,UniswapV2SwapActions.swapExactTokensForETH
FNDA:256,UniswapV2SwapActions.swapExactTokensForETH
DA:109,512
DA:110,512
DA:112,512
DA:114,512
DA:117,512
FN:117,UniswapV2SwapActions.swapETHForExactTokens
FNDA:512,UniswapV2SwapActions.swapETHForExactTokens
DA:123,512
DA:125,512
DA:126,512
BRDA:126,2,0,256
BRDA:126,2,1,256
DA:127,256
DA:129,256
DA:132,512
DA:134,512
DA:141,256
FN:141,UniswapV2SwapActions.swapPercentageTokensForTokens
FNDA:256,UniswapV2SwapActions.swapPercentageTokensForTokens
DA:147,256
DA:150,256
FN:150,UniswapV2SwapActions.swapPercentageTokensForETH
FNDA:256,UniswapV2SwapActions.swapPercentageTokensForETH
DA:156,256
DA:159,256
FN:159,UniswapV2SwapActions.swapPercentageETHForTokens
FNDA:256,UniswapV2SwapActions.swapPercentageETHForTokens
DA:165,256
DA:172,512
FN:172,UniswapV2SwapActions._swapTokensForExactTokens
FNDA:512,UniswapV2SwapActions._swapTokensForExactTokens
DA:179,512
DA:180,512
DA:182,512
DA:185,512
FN:185,UniswapV2SwapActions._swapETHForExactTokens
FNDA:512,UniswapV2SwapActions._swapETHForExactTokens
DA:192,512
DA:194,512
DA:197,512
FN:197,UniswapV2SwapActions._swapTokensForExactETH
FNDA:512,UniswapV2SwapActions._swapTokensForExactETH
DA:204,512
DA:205,512
DA:207,512
DA:210,4
FN:210,UniswapV2SwapActions.getTokenForSelector
FNDA:4,UniswapV2SwapActions.getTokenForSelector
DA:211,4
DA:213,4
BRDA:213,3,0,1
DA:214,1
DA:217,3
BRDA:217,4,0,1
DA:218,1
DA:221,2
BRDA:221,5,0,1
BRDA:221,5,1,1
DA:222,1
DA:223,1
DA:225,1
DA:226,1
FNF:14
FNH:14
LF:78
LH:78
BRF:10
BRH:10
end_of_record
TN:
SF:test/mocks/MockToken.sol
DA:9,64
FN:9,Token.constructor
FNDA:64,Token.constructor
DA:10,64
FNF:1
FNH:1
LF:2
LH:2
BRF:0
BRH:0
end_of_record
